Demo/app/build/outputs/logs/manifest-merger-debug-report.txt
-- Merging decision tree log ---
manifest
ADDED from src/main/AndroidManifest.xml:2:1-72:12
INJECTED from src/main/AndroidManifest.xml:2:1-72:12
INJECTED from src/main/AndroidManifest.xml:2:1-72:12
INJECTED from src/main/AndroidManifest.xml:2:1-72:12
MERGED from [:tuiconversation] AndroidManifest.xml:2:1-23:12
MERGED from [:tuicontact] AndroidManifest.xml:2:1-50:12
MERGED from [:tuichat] AndroidManifest.xml:2:1-52:12
MERGED from [:tuigroup] AndroidManifest.xml:2:1-31:12
MERGED from [androidx.multidex:multidex:2.0.0] AndroidManifest.xml:17:1-22:12
MERGED from [com.google.android.material:material:1.4.0] AndroidManifest.xml:17:1-24:12
MERGED from [androidx.constraintlayout:constraintlayout:2.0.4] AndroidManifest.xml:2:1-11:12
MERGED from [:tuicore] AndroidManifest.xml:2:1-39:12
MERGED from [androidx.appcompat:appcompat:1.3.1] AndroidManifest.xml:17:1-24:12
MERGED from [androidx.viewpager2:viewpager2:1.0.0] AndroidManifest.xml:17:1-24:12
MERGED from [androidx.recyclerview:recyclerview:1.2.1] AndroidManifest.xml:17:1-24:12
MERGED from [androidx.swiperefreshlayout:swiperefreshlayout:1.1.0] AndroidManifest.xml:17:1-24:12
MERGED from [com.tencent.bugly:crashreport:4.0.4] AndroidManifest.xml:2:1-11:12
MERGED from [com.tencent.bugly:nativecrashreport:3.9.2] AndroidManifest.xml:2:1-9:12
MERGED from [com.github.bumptech.glide:glide:4.12.0] AndroidManifest.xml:2:1-12:12
MERGED from [androidx.coordinatorlayout:coordinatorlayout:1.1.0] AndroidManifest.xml:17:1-24:12
MERGED from [androidx.drawerlayout:drawerlayout:1.0.0] AndroidManifest.xml:17:1-22:12
MERGED from [androidx.fragment:fragment:1.3.6] AndroidManifest.xml:17:1-24:12
MERGED from [androidx.viewpager:viewpager:1.0.0] AndroidManifest.xml:17:1-22:12
MERGED from [androidx.customview:customview:1.0.0] AndroidManifest.xml:17:1-22:12
MERGED from [androidx.dynamicanimation:dynamicanimation:1.0.0] AndroidManifest.xml:17:1-22:12
MERGED from [androidx.transition:transition:1.2.0] AndroidManifest.xml:17:1-24:12
MERGED from [androidx.appcompat:appcompat-resources:1.3.1] AndroidManifest.xml:17:1-24:12
MERGED from [androidx.vectordrawable:vectordrawable-animated:1.1.0] AndroidManifest.xml:17:1-24:12
MERGED from [androidx.vectordrawable:vectordrawable:1.1.0] AndroidManifest.xml:17:1-24:12
MERGED from [androidx.legacy:legacy-support-core-utils:1.0.0] AndroidManifest.xml:17:1-22:12
MERGED from [androidx.activity:activity:1.2.4] AndroidManifest.xml:17:1-24:12
MERGED from [androidx.loader:loader:1.0.0] AndroidManifest.xml:17:1-22:12
MERGED from [androidx.core:core:1.5.0] AndroidManifest.xml:17:1-26:12
MERGED from [androidx.lifecycle:lifecycle-runtime:2.3.1] AndroidManifest.xml:17:1-24:12
MERGED from [androidx.cardview:cardview:1.0.0] AndroidManifest.xml:17:1-22:12
MERGED from [androidx.interpolator:interpolator:1.0.0] AndroidManifest.xml:17:1-22:12
MERGED from [com.github.bumptech.glide:gifdecoder:4.12.0] AndroidManifest.xml:2:1-11:12
MERGED from [androidx.exifinterface:exifinterface:1.2.0] AndroidManifest.xml:17:1-24:12
MERGED from [androidx.versionedparcelable:versionedparcelable:1.1.1] AndroidManifest.xml:17:1-27:12
MERGED from [androidx.lifecycle:lifecycle-viewmodel-savedstate:2.3.1] AndroidManifest.xml:17:1-24:12
MERGED from [androidx.savedstate:savedstate:1.1.0] AndroidManifest.xml:17:1-24:12
MERGED from [androidx.lifecycle:lifecycle-livedata:2.0.0] AndroidManifest.xml:17:1-22:12
MERGED from [androidx.lifecycle:lifecycle-livedata-core:2.3.1] AndroidManifest.xml:17:1-24:12
MERGED from [androidx.arch.core:core-runtime:2.1.0] AndroidManifest.xml:17:1-24:12
MERGED from [androidx.cursoradapter:cursoradapter:1.0.0] AndroidManifest.xml:17:1-22:12
MERGED from [androidx.lifecycle:lifecycle-viewmodel:2.3.1] AndroidManifest.xml:17:1-24:12
MERGED from [androidx.documentfile:documentfile:1.0.0] AndroidManifest.xml:17:1-22:12
MERGED from [androidx.localbroadcastmanager:localbroadcastmanager:1.0.0] AndroidManifest.xml:17:1-22:12
MERGED from [androidx.print:print:1.0.0] AndroidManifest.xml:17:1-22:12
MERGED from [androidx.tracing:tracing:1.0.0] AndroidManifest.xml:17:1-24:12
MERGED from [androidx.annotation:annotation-experimental:1.0.0] AndroidManifest.xml:17:1-24:12
MERGED from [com.tencent.imsdk:imsdk-plus:6.3.2609] AndroidManifest.xml:2:1-21:12
INJECTED from src/main/AndroidManifest.xml:2:1-72:12
INJECTED from src/main/AndroidManifest.xml:2:1-72:12
INJECTED from src/main/AndroidManifest.xml:2:1-72:12
	package
		ADDED from src/main/AndroidManifest.xml:4:5-42
		INJECTED from src/main/AndroidManifest.xml
		INJECTED from src/main/AndroidManifest.xml
	android:versionName
		INJECTED from src/main/AndroidManifest.xml
		ADDED from src/main/AndroidManifest.xml:2:1-72:12
		INJECTED from src/main/AndroidManifest.xml
	xmlns:tools
		ADDED from src/main/AndroidManifest.xml:3:5-51
	android:versionCode
		INJECTED from src/main/AndroidManifest.xml
		ADDED from src/main/AndroidManifest.xml:2:1-72:12
		INJECTED from src/main/AndroidManifest.xml
	xmlns:android
		ADDED from src/main/AndroidManifest.xml:2:11-69
application
ADDED from src/main/AndroidManifest.xml:6:5-70:19
MERGED from [:tuiconversation] AndroidManifest.xml:11:5-21:19
MERGED from [:tuiconversation] AndroidManifest.xml:11:5-21:19
MERGED from [:tuicontact] AndroidManifest.xml:11:5-48:19
MERGED from [:tuicontact] AndroidManifest.xml:11:5-48:19
MERGED from [:tuichat] AndroidManifest.xml:17:5-50:19
MERGED from [:tuichat] AndroidManifest.xml:17:5-50:19
MERGED from [:tuigroup] AndroidManifest.xml:11:5-29:19
MERGED from [:tuigroup] AndroidManifest.xml:11:5-29:19
MERGED from [com.google.android.material:material:1.4.0] AndroidManifest.xml:22:5-20
MERGED from [com.google.android.material:material:1.4.0] AndroidManifest.xml:22:5-20
MERGED from [androidx.constraintlayout:constraintlayout:2.0.4] AndroidManifest.xml:9:5-20
MERGED from [androidx.constraintlayout:constraintlayout:2.0.4] AndroidManifest.xml:9:5-20
MERGED from [:tuicore] AndroidManifest.xml:11:5-37:19
MERGED from [:tuicore] AndroidManifest.xml:11:5-37:19
MERGED from [com.github.bumptech.glide:glide:4.12.0] AndroidManifest.xml:10:5-20
MERGED from [com.github.bumptech.glide:glide:4.12.0] AndroidManifest.xml:10:5-20
MERGED from [androidx.core:core:1.5.0] AndroidManifest.xml:24:5-89
MERGED from [androidx.core:core:1.5.0] AndroidManifest.xml:24:5-89
MERGED from [com.github.bumptech.glide:gifdecoder:4.12.0] AndroidManifest.xml:9:5-20
MERGED from [com.github.bumptech.glide:gifdecoder:4.12.0] AndroidManifest.xml:9:5-20
MERGED from [androidx.versionedparcelable:versionedparcelable:1.1.1] AndroidManifest.xml:24:5-25:19
MERGED from [androidx.versionedparcelable:versionedparcelable:1.1.1] AndroidManifest.xml:24:5-25:19
MERGED from [com.tencent.imsdk:imsdk-plus:6.3.2609] AndroidManifest.xml:15:5-19:19
MERGED from [com.tencent.imsdk:imsdk-plus:6.3.2609] AndroidManifest.xml:15:5-19:19
	android:appComponentFactory
		ADDED from [androidx.core:core:1.5.0] AndroidManifest.xml:24:18-86
	android:supportsRtl
		ADDED from src/main/AndroidManifest.xml:11:9-35
	android:label
		ADDED from src/main/AndroidManifest.xml:10:9-41
	android:icon
		ADDED from src/main/AndroidManifest.xml:9:9-45
	android:allowBackup
		ADDED from src/main/AndroidManifest.xml:8:9-36
	android:theme
		ADDED from src/main/AndroidManifest.xml:12:9-40
	android:usesCleartextTraffic
		ADDED from [com.tencent.imsdk:imsdk-plus:6.3.2609] AndroidManifest.xml:18:9-44
	android:name
		ADDED from src/main/AndroidManifest.xml:7:9-40
activity#com.tencent.qcloud.tim.demo.SplashActivity
ADDED from src/main/AndroidManifest.xml:13:9-24:20
	android:screenOrientation
		ADDED from src/main/AndroidManifest.xml:15:13-49
	android:exported
		ADDED from src/main/AndroidManifest.xml:16:13-36
	android:theme
		ADDED from src/main/AndroidManifest.xml:17:13-47
	android:name
		ADDED from src/main/AndroidManifest.xml:14:13-43
intent-filter#action:name:android.intent.action.MAIN+action:name:android.intent.action.VIEW+category:name:android.intent.category.LAUNCHER
ADDED from src/main/AndroidManifest.xml:18:13-23:29
action#android.intent.action.VIEW
ADDED from src/main/AndroidManifest.xml:19:17-69
	android:name
		ADDED from src/main/AndroidManifest.xml:19:25-66
action#android.intent.action.MAIN
ADDED from src/main/AndroidManifest.xml:20:17-69
	android:name
		ADDED from src/main/AndroidManifest.xml:20:25-66
category#android.intent.category.LAUNCHER
ADDED from src/main/AndroidManifest.xml:22:17-77
	android:name
		ADDED from src/main/AndroidManifest.xml:22:27-74
activity#com.tencent.qcloud.tim.demo.login.LoginForDevActivity
ADDED from src/main/AndroidManifest.xml:26:9-29:52
	android:screenOrientation
		ADDED from src/main/AndroidManifest.xml:29:13-49
	android:launchMode
		ADDED from src/main/AndroidManifest.xml:28:13-44
	android:name
		ADDED from src/main/AndroidManifest.xml:27:13-54
activity#com.tencent.qcloud.tim.demo.main.MainActivity
ADDED from src/main/AndroidManifest.xml:31:9-47:20
	android:screenOrientation
		ADDED from src/main/AndroidManifest.xml:34:13-49
	android:launchMode
		ADDED from src/main/AndroidManifest.xml:33:13-44
	android:windowSoftInputMode
		ADDED from src/main/AndroidManifest.xml:36:13-67
	android:exported
		ADDED from src/main/AndroidManifest.xml:35:13-36
	android:name
		ADDED from src/main/AndroidManifest.xml:32:13-46
intent-filter#action:name:android.intent.action.VIEW+category:name:android.intent.category.DEFAULT+data:host:com.tencent.qcloud+data:path:/detail+data:scheme:pushscheme
ADDED from src/main/AndroidManifest.xml:39:13-46:29
category#android.intent.category.DEFAULT
ADDED from src/main/AndroidManifest.xml:41:17-76
	android:name
		ADDED from src/main/AndroidManifest.xml:41:27-73
data
ADDED from src/main/AndroidManifest.xml:42:17-45:51
	android:path
		ADDED from src/main/AndroidManifest.xml:44:21-43
	android:host
		ADDED from src/main/AndroidManifest.xml:43:21-54
	android:scheme
		ADDED from src/main/AndroidManifest.xml:45:21-48
receiver#com.tencent.qcloud.tim.demo.LanguageReceiver
ADDED from src/main/AndroidManifest.xml:49:9-56:20
	android:enabled
		ADDED from src/main/AndroidManifest.xml:51:13-35
	android:exported
		ADDED from src/main/AndroidManifest.xml:52:13-37
	android:name
		ADDED from src/main/AndroidManifest.xml:50:13-45
intent-filter#action:name:android.intent.action.LOCALE_CHANGED
ADDED from src/main/AndroidManifest.xml:53:13-55:29
	android:priority
		ADDED from src/main/AndroidManifest.xml:53:28-51
action#android.intent.action.LOCALE_CHANGED
ADDED from src/main/AndroidManifest.xml:54:17-79
	android:name
		ADDED from src/main/AndroidManifest.xml:54:25-76
activity#com.tencent.qcloud.tim.demo.profile.SelfDetailActivity
ADDED from src/main/AndroidManifest.xml:58:9-60:52
	android:screenOrientation
		ADDED from src/main/AndroidManifest.xml:60:13-49
	android:name
		ADDED from src/main/AndroidManifest.xml:59:13-55
activity#com.tencent.qcloud.tim.demo.profile.AboutIMActivity
ADDED from src/main/AndroidManifest.xml:61:9-62:52
	android:screenOrientation
		ADDED from src/main/AndroidManifest.xml:62:13-49
	android:name
		ADDED from src/main/AndroidManifest.xml:61:19-58
activity#com.tencent.qcloud.tim.demo.login.ThemeSelectActivity
ADDED from src/main/AndroidManifest.xml:65:9-66:51
	android:screenOrientation
		ADDED from src/main/AndroidManifest.xml:66:13-49
	android:name
		ADDED from src/main/AndroidManifest.xml:65:19-60
activity#com.tencent.qcloud.tim.demo.login.LanguageSelectActivity
ADDED from src/main/AndroidManifest.xml:67:9-68:51
	android:screenOrientation
		ADDED from src/main/AndroidManifest.xml:68:13-49
	android:name
		ADDED from src/main/AndroidManifest.xml:67:19-63
uses-sdk
INJECTED from src/main/AndroidManifest.xml reason: use-sdk injection requested
INJECTED from src/main/AndroidManifest.xml
INJECTED from src/main/AndroidManifest.xml
MERGED from [:tuiconversation] AndroidManifest.xml:7:5-9:41
MERGED from [:tuiconversation] AndroidManifest.xml:7:5-9:41
MERGED from [:tuicontact] AndroidManifest.xml:7:5-9:41
MERGED from [:tuicontact] AndroidManifest.xml:7:5-9:41
MERGED from [:tuichat] AndroidManifest.xml:7:5-9:41
MERGED from [:tuichat] AndroidManifest.xml:7:5-9:41
MERGED from [:tuigroup] AndroidManifest.xml:7:5-9:41
MERGED from [:tuigroup] AndroidManifest.xml:7:5-9:41
MERGED from [androidx.multidex:multidex:2.0.0] AndroidManifest.xml:20:5-43
MERGED from [androidx.multidex:multidex:2.0.0] AndroidManifest.xml:20:5-43
MERGED from [com.google.android.material:material:1.4.0] AndroidManifest.xml:20:5-44
MERGED from [com.google.android.material:material:1.4.0] AndroidManifest.xml:20:5-44
MERGED from [androidx.constraintlayout:constraintlayout:2.0.4] AndroidManifest.xml:5:5-7:41
MERGED from [androidx.constraintlayout:constraintlayout:2.0.4] AndroidManifest.xml:5:5-7:41
MERGED from [:tuicore] AndroidManifest.xml:7:5-9:41
MERGED from [:tuicore] AndroidManifest.xml:7:5-9:41
MERGED from [androidx.appcompat:appcompat:1.3.1] AndroidManifest.xml:20:5-22:41
MERGED from [androidx.appcompat:appcompat:1.3.1] AndroidManifest.xml:20:5-22:41
MERGED from [androidx.viewpager2:viewpager2:1.0.0] AndroidManifest.xml:20:5-22:41
MERGED from [androidx.viewpager2:viewpager2:1.0.0] AndroidManifest.xml:20:5-22:41
MERGED from [androidx.recyclerview:recyclerview:1.2.1] AndroidManifest.xml:20:5-22:41
MERGED from [androidx.recyclerview:recyclerview:1.2.1] AndroidManifest.xml:20:5-22:41
MERGED from [androidx.swiperefreshlayout:swiperefreshlayout:1.1.0] AndroidManifest.xml:20:5-22:41
MERGED from [androidx.swiperefreshlayout:swiperefreshlayout:1.1.0] AndroidManifest.xml:20:5-22:41
MERGED from [com.tencent.bugly:crashreport:4.0.4] AndroidManifest.xml:7:5-9:41
MERGED from [com.tencent.bugly:crashreport:4.0.4] AndroidManifest.xml:7:5-9:41
MERGED from [com.tencent.bugly:nativecrashreport:3.9.2] AndroidManifest.xml:5:5-7:41
MERGED from [com.tencent.bugly:nativecrashreport:3.9.2] AndroidManifest.xml:5:5-7:41
MERGED from [com.github.bumptech.glide:glide:4.12.0] AndroidManifest.xml:6:5-8:41
MERGED from [com.github.bumptech.glide:glide:4.12.0] AndroidManifest.xml:6:5-8:41
MERGED from [androidx.coordinatorlayout:coordinatorlayout:1.1.0] AndroidManifest.xml:20:5-22:41
MERGED from [androidx.coordinatorlayout:coordinatorlayout:1.1.0] AndroidManifest.xml:20:5-22:41
MERGED from [androidx.drawerlayout:drawerlayout:1.0.0] AndroidManifest.xml:20:5-44
MERGED from [androidx.drawerlayout:drawerlayout:1.0.0] AndroidManifest.xml:20:5-44
MERGED from [androidx.fragment:fragment:1.3.6] AndroidManifest.xml:20:5-22:41
MERGED from [androidx.fragment:fragment:1.3.6] AndroidManifest.xml:20:5-22:41
MERGED from [androidx.viewpager:viewpager:1.0.0] AndroidManifest.xml:20:5-44
MERGED from [androidx.viewpager:viewpager:1.0.0] AndroidManifest.xml:20:5-44
MERGED from [androidx.customview:customview:1.0.0] AndroidManifest.xml:20:5-44
MERGED from [androidx.customview:customview:1.0.0] AndroidManifest.xml:20:5-44
MERGED from [androidx.dynamicanimation:dynamicanimation:1.0.0] AndroidManifest.xml:20:5-44
MERGED from [androidx.dynamicanimation:dynamicanimation:1.0.0] AndroidManifest.xml:20:5-44
MERGED from [androidx.transition:transition:1.2.0] AndroidManifest.xml:20:5-22:41
MERGED from [androidx.transition:transition:1.2.0] AndroidManifest.xml:20:5-22:41
MERGED from [androidx.appcompat:appcompat-resources:1.3.1] AndroidManifest.xml:20:5-22:41
MERGED from [androidx.appcompat:appcompat-resources:1.3.1] AndroidManifest.xml:20:5-22:41
MERGED from [androidx.vectordrawable:vectordrawable-animated:1.1.0] AndroidManifest.xml:20:5-22:41
MERGED from [androidx.vectordrawable:vectordrawable-animated:1.1.0] AndroidManifest.xml:20:5-22:41
MERGED from [androidx.vectordrawable:vectordrawable:1.1.0] AndroidManifest.xml:20:5-22:41
MERGED from [androidx.vectordrawable:vectordrawable:1.1.0] AndroidManifest.xml:20:5-22:41
MERGED from [androidx.legacy:legacy-support-core-utils:1.0.0] AndroidManifest.xml:20:5-44
MERGED from [androidx.legacy:legacy-support-core-utils:1.0.0] AndroidManifest.xml:20:5-44
MERGED from [androidx.activity:activity:1.2.4] AndroidManifest.xml:20:5-22:41
MERGED from [androidx.activity:activity:1.2.4] AndroidManifest.xml:20:5-22:41
MERGED from [androidx.loader:loader:1.0.0] AndroidManifest.xml:20:5-44
MERGED from [androidx.loader:loader:1.0.0] AndroidManifest.xml:20:5-44
MERGED from [androidx.core:core:1.5.0] AndroidManifest.xml:20:5-22:41
MERGED from [androidx.core:core:1.5.0] AndroidManifest.xml:20:5-22:41
MERGED from [androidx.lifecycle:lifecycle-runtime:2.3.1] AndroidManifest.xml:20:5-22:41
MERGED from [androidx.lifecycle:lifecycle-runtime:2.3.1] AndroidManifest.xml:20:5-22:41
MERGED from [androidx.cardview:cardview:1.0.0] AndroidManifest.xml:20:5-44
MERGED from [androidx.cardview:cardview:1.0.0] AndroidManifest.xml:20:5-44
MERGED from [androidx.interpolator:interpolator:1.0.0] AndroidManifest.xml:20:5-44
MERGED from [androidx.interpolator:interpolator:1.0.0] AndroidManifest.xml:20:5-44
MERGED from [com.github.bumptech.glide:gifdecoder:4.12.0] AndroidManifest.xml:5:5-7:41
MERGED from [com.github.bumptech.glide:gifdecoder:4.12.0] AndroidManifest.xml:5:5-7:41
MERGED from [androidx.exifinterface:exifinterface:1.2.0] AndroidManifest.xml:20:5-22:41
MERGED from [androidx.exifinterface:exifinterface:1.2.0] AndroidManifest.xml:20:5-22:41
MERGED from [androidx.versionedparcelable:versionedparcelable:1.1.1] AndroidManifest.xml:20:5-22:41
MERGED from [androidx.versionedparcelable:versionedparcelable:1.1.1] AndroidManifest.xml:20:5-22:41
MERGED from [androidx.lifecycle:lifecycle-viewmodel-savedstate:2.3.1] AndroidManifest.xml:20:5-22:41
MERGED from [androidx.lifecycle:lifecycle-viewmodel-savedstate:2.3.1] AndroidManifest.xml:20:5-22:41
MERGED from [androidx.savedstate:savedstate:1.1.0] AndroidManifest.xml:20:5-22:41
MERGED from [androidx.savedstate:savedstate:1.1.0] AndroidManifest.xml:20:5-22:41
MERGED from [androidx.lifecycle:lifecycle-livedata:2.0.0] AndroidManifest.xml:20:5-44
MERGED from [androidx.lifecycle:lifecycle-livedata:2.0.0] AndroidManifest.xml:20:5-44
MERGED from [androidx.lifecycle:lifecycle-livedata-core:2.3.1] AndroidManifest.xml:20:5-22:41
MERGED from [androidx.lifecycle:lifecycle-livedata-core:2.3.1] AndroidManifest.xml:20:5-22:41
MERGED from [androidx.arch.core:core-runtime:2.1.0] AndroidManifest.xml:20:5-22:41
MERGED from [androidx.arch.core:core-runtime:2.1.0] AndroidManifest.xml:20:5-22:41
MERGED from [androidx.cursoradapter:cursoradapter:1.0.0] AndroidManifest.xml:20:5-44
MERGED from [androidx.cursoradapter:cursoradapter:1.0.0] AndroidManifest.xml:20:5-44
MERGED from [androidx.lifecycle:lifecycle-viewmodel:2.3.1] AndroidManifest.xml:20:5-22:41
MERGED from [androidx.lifecycle:lifecycle-viewmodel:2.3.1] AndroidManifest.xml:20:5-22:41
MERGED from [androidx.documentfile:documentfile:1.0.0] AndroidManifest.xml:20:5-44
MERGED from [androidx.documentfile:documentfile:1.0.0] AndroidManifest.xml:20:5-44
MERGED from [androidx.localbroadcastmanager:localbroadcastmanager:1.0.0] AndroidManifest.xml:20:5-44
MERGED from [androidx.localbroadcastmanager:localbroadcastmanager:1.0.0] AndroidManifest.xml:20:5-44
MERGED from [androidx.print:print:1.0.0] AndroidManifest.xml:20:5-44
MERGED from [androidx.print:print:1.0.0] AndroidManifest.xml:20:5-44
MERGED from [androidx.tracing:tracing:1.0.0] AndroidManifest.xml:20:5-22:41
MERGED from [androidx.tracing:tracing:1.0.0] AndroidManifest.xml:20:5-22:41
MERGED from [androidx.annotation:annotation-experimental:1.0.0] AndroidManifest.xml:20:5-22:41
MERGED from [androidx.annotation:annotation-experimental:1.0.0] AndroidManifest.xml:20:5-22:41
MERGED from [com.tencent.imsdk:imsdk-plus:6.3.2609] AndroidManifest.xml:7:5-9:41
MERGED from [com.tencent.imsdk:imsdk-plus:6.3.2609] AndroidManifest.xml:7:5-9:41
INJECTED from src/main/AndroidManifest.xml
INJECTED from src/main/AndroidManifest.xml
	android:targetSdkVersion
		INJECTED from src/main/AndroidManifest.xml
		ADDED from src/main/AndroidManifest.xml
		INJECTED from src/main/AndroidManifest.xml
	android:minSdkVersion
		INJECTED from src/main/AndroidManifest.xml
		ADDED from src/main/AndroidManifest.xml
		INJECTED from src/main/AndroidManifest.xml
activity#com.tencent.qcloud.tuikit.tuiconversation.ui.page.TUIForwardSelectActivity
ADDED from [:tuiconversation] AndroidManifest.xml:12:9-14:52
	android:screenOrientation
		ADDED from [:tuiconversation] AndroidManifest.xml:14:13-49
	android:name
		ADDED from [:tuiconversation] AndroidManifest.xml:13:13-102
provider#com.tencent.qcloud.tuikit.tuiconversation.TUIConversationService
ADDED from [:tuiconversation] AndroidManifest.xml:16:9-20:40
	android:enabled
		ADDED from [:tuiconversation] AndroidManifest.xml:19:13-35
	android:authorities
		ADDED from [:tuiconversation] AndroidManifest.xml:18:13-72
	android:exported
		ADDED from [:tuiconversation] AndroidManifest.xml:20:13-37
	android:name
		ADDED from [:tuiconversation] AndroidManifest.xml:17:13-92
activity#com.tencent.qcloud.tuikit.tuicontact.ui.pages.AddMoreActivity
ADDED from [:tuicontact] AndroidManifest.xml:12:9-14:52
	android:screenOrientation
		ADDED from [:tuicontact] AndroidManifest.xml:14:13-49
	android:name
		ADDED from [:tuicontact] AndroidManifest.xml:13:13-89
activity#com.tencent.qcloud.tuikit.tuicontact.ui.pages.FriendProfileActivity
ADDED from [:tuicontact] AndroidManifest.xml:15:9-17:52
	android:screenOrientation
		ADDED from [:tuicontact] AndroidManifest.xml:17:13-49
	android:name
		ADDED from [:tuicontact] AndroidManifest.xml:16:13-95
activity#com.tencent.qcloud.tuikit.tuicontact.ui.pages.NewFriendActivity
ADDED from [:tuicontact] AndroidManifest.xml:18:9-20:52
	android:screenOrientation
		ADDED from [:tuicontact] AndroidManifest.xml:20:13-49
	android:name
		ADDED from [:tuicontact] AndroidManifest.xml:19:13-91
activity#com.tencent.qcloud.tuikit.tuicontact.ui.pages.BlackListActivity
ADDED from [:tuicontact] AndroidManifest.xml:21:9-23:52
	android:screenOrientation
		ADDED from [:tuicontact] AndroidManifest.xml:23:13-49
	android:name
		ADDED from [:tuicontact] AndroidManifest.xml:22:13-91
activity#com.tencent.qcloud.tuikit.tuicontact.ui.pages.GroupListActivity
ADDED from [:tuicontact] AndroidManifest.xml:24:9-26:52
	android:screenOrientation
		ADDED from [:tuicontact] AndroidManifest.xml:26:13-49
	android:name
		ADDED from [:tuicontact] AndroidManifest.xml:25:13-91
activity#com.tencent.qcloud.tuikit.tuicontact.ui.pages.StartC2CChatActivity
ADDED from [:tuicontact] AndroidManifest.xml:27:9-29:52
	android:screenOrientation
		ADDED from [:tuicontact] AndroidManifest.xml:29:13-49
	android:name
		ADDED from [:tuicontact] AndroidManifest.xml:28:13-94
activity#com.tencent.qcloud.tuikit.tuicontact.ui.pages.StartGroupChatActivity
ADDED from [:tuicontact] AndroidManifest.xml:30:9-33:73
	android:screenOrientation
		ADDED from [:tuicontact] AndroidManifest.xml:32:13-49
	android:windowSoftInputMode
		ADDED from [:tuicontact] AndroidManifest.xml:33:13-70
	android:name
		ADDED from [:tuicontact] AndroidManifest.xml:31:13-96
activity#com.tencent.qcloud.tuikit.tuicontact.ui.pages.ForwardSelectGroupActivity
ADDED from [:tuicontact] AndroidManifest.xml:34:9-37:52
	android:screenOrientation
		ADDED from [:tuicontact] AndroidManifest.xml:37:13-49
	android:launchMode
		ADDED from [:tuicontact] AndroidManifest.xml:36:13-48
	android:name
		ADDED from [:tuicontact] AndroidManifest.xml:35:13-100
activity#com.tencent.qcloud.tuikit.tuicontact.ui.pages.StartGroupMemberSelectActivity
ADDED from [:tuicontact] AndroidManifest.xml:38:9-41:52
	android:screenOrientation
		ADDED from [:tuicontact] AndroidManifest.xml:41:13-49
	android:launchMode
		ADDED from [:tuicontact] AndroidManifest.xml:40:13-48
	android:name
		ADDED from [:tuicontact] AndroidManifest.xml:39:13-104
provider#com.tencent.qcloud.tuikit.tuicontact.TUIContactService
ADDED from [:tuicontact] AndroidManifest.xml:43:9-47:40
	android:enabled
		ADDED from [:tuicontact] AndroidManifest.xml:46:13-35
	android:authorities
		ADDED from [:tuicontact] AndroidManifest.xml:45:13-67
	android:exported
		ADDED from [:tuicontact] AndroidManifest.xml:47:13-37
	android:name
		ADDED from [:tuicontact] AndroidManifest.xml:44:13-82
uses-permission#android.permission.WRITE_EXTERNAL_STORAGE
ADDED from [:tuichat] AndroidManifest.xml:11:5-13:38
	android:maxSdkVersion
		ADDED from [:tuichat] AndroidManifest.xml:13:9-35
	android:name
		ADDED from [:tuichat] AndroidManifest.xml:12:9-65
uses-permission#android.permission.CAMERA
ADDED from [:tuichat] AndroidManifest.xml:14:5-65
	android:name
		ADDED from [:tuichat] AndroidManifest.xml:14:22-62
uses-permission#android.permission.RECORD_AUDIO
ADDED from [:tuichat] AndroidManifest.xml:15:5-71
	android:name
		ADDED from [:tuichat] AndroidManifest.xml:15:22-68
activity#com.tencent.qcloud.tuikit.tuichat.ui.page.MessageReplyDetailActivity
ADDED from [:tuichat] AndroidManifest.xml:18:9-21:70
	android:screenOrientation
		ADDED from [:tuichat] AndroidManifest.xml:20:13-49
	android:windowSoftInputMode
		ADDED from [:tuichat] AndroidManifest.xml:21:13-67
	android:name
		ADDED from [:tuichat] AndroidManifest.xml:19:13-96
activity#com.tencent.qcloud.tuikit.tuichat.ui.page.TUIForwardChatActivity
ADDED from [:tuichat] AndroidManifest.xml:22:9-24:52
	android:screenOrientation
		ADDED from [:tuichat] AndroidManifest.xml:24:13-49
	android:name
		ADDED from [:tuichat] AndroidManifest.xml:23:13-92
activity#com.tencent.qcloud.tuikit.tuichat.ui.page.TUIC2CChatActivity
ADDED from [:tuichat] AndroidManifest.xml:25:9-29:70
	android:screenOrientation
		ADDED from [:tuichat] AndroidManifest.xml:28:13-49
	android:launchMode
		ADDED from [:tuichat] AndroidManifest.xml:27:13-44
	android:windowSoftInputMode
		ADDED from [:tuichat] AndroidManifest.xml:29:13-67
	android:name
		ADDED from [:tuichat] AndroidManifest.xml:26:13-88
activity#com.tencent.qcloud.tuikit.tuichat.ui.page.TUIGroupChatActivity
ADDED from [:tuichat] AndroidManifest.xml:30:9-33:52
	android:screenOrientation
		ADDED from [:tuichat] AndroidManifest.xml:33:13-49
	android:launchMode
		ADDED from [:tuichat] AndroidManifest.xml:32:13-44
	android:name
		ADDED from [:tuichat] AndroidManifest.xml:31:13-90
activity#com.tencent.qcloud.tuikit.tuichat.ui.page.MessageReceiptDetailActivity
ADDED from [:tuichat] AndroidManifest.xml:34:9-36:52
	android:screenOrientation
		ADDED from [:tuichat] AndroidManifest.xml:36:13-49
	android:name
		ADDED from [:tuichat] AndroidManifest.xml:35:13-98
activity#com.tencent.qcloud.tuikit.tuichat.component.camera.CameraActivity
ADDED from [:tuichat] AndroidManifest.xml:37:9-39:52
	android:screenOrientation
		ADDED from [:tuichat] AndroidManifest.xml:39:13-49
	android:name
		ADDED from [:tuichat] AndroidManifest.xml:38:13-93
activity#com.tencent.qcloud.tuikit.tuichat.component.imagevideoscan.ImageVideoScanActivity
ADDED from [:tuichat] AndroidManifest.xml:40:9-43:52
	android:screenOrientation
		ADDED from [:tuichat] AndroidManifest.xml:43:13-49
	android:launchMode
		ADDED from [:tuichat] AndroidManifest.xml:42:13-44
	android:name
		ADDED from [:tuichat] AndroidManifest.xml:41:13-109
provider#com.tencent.qcloud.tuikit.tuichat.TUIChatService
ADDED from [:tuichat] AndroidManifest.xml:45:9-49:40
	android:enabled
		ADDED from [:tuichat] AndroidManifest.xml:48:13-35
	android:authorities
		ADDED from [:tuichat] AndroidManifest.xml:47:13-64
	android:exported
		ADDED from [:tuichat] AndroidManifest.xml:49:13-37
	android:name
		ADDED from [:tuichat] AndroidManifest.xml:46:13-76
activity#com.tencent.qcloud.tuikit.tuigroup.ui.page.GroupNoticeActivity
ADDED from [:tuigroup] AndroidManifest.xml:12:9-99
	android:name
		ADDED from [:tuigroup] AndroidManifest.xml:12:19-96
activity#com.tencent.qcloud.tuikit.tuigroup.ui.page.SetGroupManagerActivity
ADDED from [:tuigroup] AndroidManifest.xml:13:9-103
	android:name
		ADDED from [:tuigroup] AndroidManifest.xml:13:19-100
activity#com.tencent.qcloud.tuikit.tuigroup.ui.page.GroupMemberActivity
ADDED from [:tuigroup] AndroidManifest.xml:14:9-99
	android:name
		ADDED from [:tuigroup] AndroidManifest.xml:14:19-96
activity#com.tencent.qcloud.tuikit.tuigroup.ui.page.ManageGroupActivity
ADDED from [:tuigroup] AndroidManifest.xml:15:9-99
	android:name
		ADDED from [:tuigroup] AndroidManifest.xml:15:19-96
activity#com.tencent.qcloud.tuikit.tuigroup.ui.page.GroupInfoActivity
ADDED from [:tuigroup] AndroidManifest.xml:16:9-18:52
	android:screenOrientation
		ADDED from [:tuigroup] AndroidManifest.xml:18:13-49
	android:name
		ADDED from [:tuigroup] AndroidManifest.xml:17:13-88
activity#com.tencent.qcloud.tuikit.tuigroup.ui.page.GroupApplyManagerActivity
ADDED from [:tuigroup] AndroidManifest.xml:19:9-22:73
	android:screenOrientation
		ADDED from [:tuigroup] AndroidManifest.xml:21:13-49
	android:windowSoftInputMode
		ADDED from [:tuigroup] AndroidManifest.xml:22:13-70
	android:name
		ADDED from [:tuigroup] AndroidManifest.xml:20:13-96
provider#com.tencent.qcloud.tuikit.tuigroup.TUIGroupService
ADDED from [:tuigroup] AndroidManifest.xml:24:9-28:40
	android:enabled
		ADDED from [:tuigroup] AndroidManifest.xml:27:13-35
	android:authorities
		ADDED from [:tuigroup] AndroidManifest.xml:26:13-65
	android:exported
		ADDED from [:tuigroup] AndroidManifest.xml:28:13-37
	android:name
		ADDED from [:tuigroup] AndroidManifest.xml:25:13-78
activity#com.tencent.qcloud.tuicore.component.activities.SelectionActivity
ADDED from [:tuicore] AndroidManifest.xml:12:9-14:52
	android:screenOrientation
		ADDED from [:tuicore] AndroidManifest.xml:14:13-49
	android:name
		ADDED from [:tuicore] AndroidManifest.xml:13:13-93
activity#com.tencent.qcloud.tuicore.util.PermissionRequester$PermissionActivity
ADDED from [:tuicore] AndroidManifest.xml:15:9-21:75
	android:multiprocess
		ADDED from [:tuicore] AndroidManifest.xml:19:13-40
	android:launchMode
		ADDED from [:tuicore] AndroidManifest.xml:18:13-44
	android:windowSoftInputMode
		ADDED from [:tuicore] AndroidManifest.xml:21:13-72
	android:configChanges
		ADDED from [:tuicore] AndroidManifest.xml:17:13-74
	android:theme
		ADDED from [:tuicore] AndroidManifest.xml:20:13-59
	android:name
		ADDED from [:tuicore] AndroidManifest.xml:16:13-98
provider#com.tencent.qcloud.tuicore.ServiceInitializer